<?xml version="1.0" encoding="UTF-8"?>
<!-- Generated by org.testng.reporters.JUnitReportReporter -->
<testsuite skipped="0" hostname="john-PC" name="rediff.testcases.PortFolioTest" tests="2" failures="0" timestamp="02 Jun 2019 10:39:36 GMT" time="48.600" errors="0">
  <testcase name="createPortfolio" time="48.454" classname="rediff.testcases.PortFolioTest"/>
  <testcase name="deletePortFolio" time="0.146" classname="rediff.testcases.PortFolioTest"/>
</testsuite> <!-- rediff.testcases.PortFolioTest -->
