<?xml version="1.0" encoding="UTF-8"?>
<!-- Generated by org.testng.reporters.JUnitReportReporter -->
<testsuite skipped="0" hostname="john-PC" name="rediff.testcases.Dice_Websit_Proj" tests="1" failures="0" timestamp="04 Jun 2019 02:29:37 GMT" time="61.998" errors="0">
  <testcase name="searchForJob" time="61.998" classname="rediff.testcases.Dice_Websit_Proj"/>
</testsuite> <!-- rediff.testcases.Dice_Websit_Proj -->
