<?xml version="1.0" encoding="UTF-8"?>
<!-- Generated by org.testng.reporters.JUnitReportReporter -->
<testsuite skipped="0" hostname="john-PC" name="rediff.testcases.AddDelStockTest" tests="2" failures="0" timestamp="03 Jun 2019 10:17:14 GMT" time="47.583" errors="0">
  <testcase name="addStockTest" time="40.789" classname="rediff.testcases.AddDelStockTest"/>
  <testcase name="deleteStockTest" time="6.794" classname="rediff.testcases.AddDelStockTest"/>
</testsuite> <!-- rediff.testcases.AddDelStockTest -->
