<?xml version="1.0" encoding="UTF-8"?>
<!-- Generated by org.testng.reporters.JUnitReportReporter -->
<testsuite skipped="0" hostname="john-PC" name="rediff.testcases.LoginTestCase" tests="1" failures="0" timestamp="02 Jun 2019 07:43:34 GMT" time="20.768" errors="0">
  <testcase name="loginTestCase" time="20.768" classname="rediff.testcases.LoginTestCase"/>
</testsuite> <!-- rediff.testcases.LoginTestCase -->
